<?xml version="1.0" encoding="UTF-8"?>
<!-- Generated by org.testng.reporters.JUnitReportReporter -->
<testsuite hostname="LAPTOP-DI7BSORL" failures="0" tests="1" name="com.pkg.tests.LoginTest" time="11.293" errors="0" timestamp="2025-08-01T17:59:34 CDT" skipped="0">
  <testcase classname="com.pkg.tests.LoginTest" name="validLogin" time="11.293"/>
</testsuite> <!-- com.pkg.tests.LoginTest -->
