<?xml version="1.0" encoding="UTF-8"?>
<!-- Generated by org.testng.reporters.JUnitReportReporter -->
<testsuite hostname="LAPTOP-DI7BSORL" failures="0" tests="1" name="com.pkg.tests.LoginTest" time="11.034" errors="0" timestamp="2025-08-03T11:52:50 CDT" skipped="0">
  <testcase classname="com.pkg.tests.LoginTest" name="validLogin" time="11.034"/>
</testsuite> <!-- com.pkg.tests.LoginTest -->
